<?xml version="1.0" encoding="UTF-8"?>
<!-- Generated by org.testng.reporters.JUnitReportReporter -->
<testsuite hostname="Sorin" failures="0" tests="1" name="sorinfoca.altpachet.AltTest" time="0.003" errors="0" timestamp="2023-01-15T17:58:01 EET" skipped="0">
  <testcase classname="sorinfoca.altpachet.AltTest" name="writeMessage" time="0.003"/>
  <system-out/>
</testsuite> <!-- sorinfoca.altpachet.AltTest -->
