<?xml version="1.0" encoding="UTF-8"?>
<!-- Generated by org.testng.reporters.JUnitReportReporter -->
<testsuite hostname="Sorin" failures="0" tests="5" name="sorinfoca.Tests.MyTests" time="26.812" errors="0" timestamp="2023-01-15T17:58:01 EET" skipped="0">
  <testcase classname="sorinfoca.Tests.MyTests" name="testAppointment" time="4.691"/>
  <system-out/>
  <testcase classname="sorinfoca.Tests.MyTests" name="test1" time="6.779"/>
  <system-out/>
  <testcase classname="sorinfoca.Tests.MyTests" name="testLogin" time="4.434"/>
  <system-out/>
  <testcase classname="sorinfoca.Tests.MyTests" name="testAppointment" time="5.699"/>
  <system-out/>
  <testcase classname="sorinfoca.Tests.MyTests" name="testLogin" time="5.209"/>
  <system-out/>
</testsuite> <!-- sorinfoca.Tests.MyTests -->
