<?xml version="1.0" encoding="UTF-8"?>
<!-- Generated by org.testng.reporters.JUnitReportReporter -->
<testsuite hostname="Sorin" failures="0" tests="5" name="sorinfoca.tests.MyTests" time="21.953" errors="0" timestamp="2023-01-15T13:43:33 EET" skipped="0">
  <testcase classname="sorinfoca.tests.MyTests" name="testAppointment" time="4.135"/>
  <system-out/>
  <testcase classname="sorinfoca.tests.MyTests" name="testLogin" time="4.012"/>
  <system-out/>
  <testcase classname="sorinfoca.tests.MyTests" name="testAppointment" time="5.373"/>
  <system-out/>
  <testcase classname="sorinfoca.tests.MyTests" name="test1" time="4.852"/>
  <system-out/>
  <testcase classname="sorinfoca.tests.MyTests" name="testLogin" time="3.581"/>
  <system-out/>
</testsuite> <!-- sorinfoca.tests.MyTests -->
