<?xml version="1.0" encoding="UTF-8"?>
<!-- Generated by org.testng.reporters.JUnitReportReporter -->
<testsuite hostname="Sorin" failures="0" tests="5" name="sorinfoca.tests.MyTests" time="23.533" errors="0" timestamp="2023-01-15T13:19:46 EET" skipped="0">
  <testcase classname="sorinfoca.tests.MyTests" name="testAppointment" time="4.368"/>
  <system-out/>
  <testcase classname="sorinfoca.tests.MyTests" name="test1" time="5.398"/>
  <system-out/>
  <testcase classname="sorinfoca.tests.MyTests" name="testLogin" time="3.643"/>
  <system-out/>
  <testcase classname="sorinfoca.tests.MyTests" name="testAppointment" time="5.823"/>
  <system-out/>
  <testcase classname="sorinfoca.tests.MyTests" name="testLogin" time="4.301"/>
  <system-out/>
</testsuite> <!-- sorinfoca.tests.MyTests -->
