<?xml version="1.0" encoding="UTF-8"?>
<!-- Generated by org.testng.reporters.JUnitReportReporter -->
<testsuite hostname="LAPTOP-F93705P1" failures="0" tests="1" name="AndreeaG.recap.test.BuyItemT" time="4.158" errors="0" timestamp="2023-03-13T15:44:58 EET" skipped="0">
  <testcase classname="AndreeaG.recap.test.BuyItemT" name="buyItemTest" time="4.158"/>
  <system-out/>
</testsuite> <!-- AndreeaG.recap.test.BuyItemT -->
