<?xml version="1.0" encoding="UTF-8"?>
<!-- Generated by org.testng.reporters.JUnitReportReporter -->
<testsuite hostname="LAPTOP-F93705P1" failures="0" tests="3" name="andreeaG.tests.tema7.ReturnToHomeButton" time="11.021" errors="0" timestamp="2023-01-22T15:21:07 EET" skipped="0">
  <testcase classname="andreeaG.tests.tema7.ReturnToHomeButton" name="HomeButtonwhenLoggedInHistory" time="3.290"/>
  <system-out/>
  <testcase classname="andreeaG.tests.tema7.ReturnToHomeButton" name="HomeButtonwhenLoggedInProfile" time="4.591"/>
  <system-out/>
  <testcase classname="andreeaG.tests.tema7.ReturnToHomeButton" name="HomeButtonFromMakeAppointmentPage" time="3.140"/>
  <system-out/>
</testsuite> <!-- andreeaG.tests.tema7.ReturnToHomeButton -->
