<?xml version="1.0" encoding="UTF-8"?>
<!-- Generated by org.testng.reporters.JUnitReportReporter -->
<testsuite hostname="LAPTOP-F93705P1" failures="0" tests="1" name="andreeaG.Teorie.altpachet.AltTest" time="0.002" errors="0" timestamp="2023-01-20T18:37:41 EET" skipped="0">
  <testcase classname="andreeaG.Teorie.altpachet.AltTest" name="writeMessage" time="0.002"/>
  <system-out/>
</testsuite> <!-- andreeaG.Teorie.altpachet.AltTest -->
