<?xml version="1.0" encoding="UTF-8"?>
<!-- Generated by org.testng.reporters.JUnitReportReporter -->
<testsuite hostname="LAPTOP-F93705P1" failures="0" tests="2" name="AndreeaG.tests.tema7.CuraHealthCareLogin" time="10.047" errors="0" timestamp="2023-01-22T13:20:10 EET" skipped="0">
  <testcase classname="AndreeaG.tests.tema7.CuraHealthCareLogin" name="makeAppointmentPage" time="4.164"/>
  <system-out/>
  <testcase classname="AndreeaG.tests.tema7.CuraHealthCareLogin" name="makeAppointmentPage" time="5.883"/>
  <system-out/>
</testsuite> <!-- AndreeaG.tests.tema7.CuraHealthCareLogin -->
