<?xml version="1.0" encoding="UTF-8"?>
<!-- Generated by org.testng.reporters.JUnitReportReporter -->
<testsuite hostname="LAPTOP-F93705P1" failures="0" tests="7" name="andreeaG.Teorie.DemoQaInputs" time="5.232" errors="0" timestamp="2023-01-20T18:37:41 EET" skipped="0">
  <testcase classname="andreeaG.Teorie.DemoQaInputs" name="test2" time="0.000"/>
  <system-out/>
  <testcase classname="andreeaG.Teorie.DemoQaInputs" name="test2" time="0.000"/>
  <system-out/>
  <testcase classname="andreeaG.Teorie.DemoQaInputs" name="test1" time="5.224"/>
  <system-out/>
  <testcase classname="andreeaG.Teorie.DemoQaInputs" name="test2" time="0.007"/>
  <system-out/>
  <testcase classname="andreeaG.Teorie.DemoQaInputs" name="test2" time="0.000"/>
  <system-out/>
  <testcase classname="andreeaG.Teorie.DemoQaInputs" name="test2" time="0.001"/>
  <system-out/>
  <testcase classname="andreeaG.Teorie.DemoQaInputs" name="test2" time="0.000"/>
  <system-out/>
</testsuite> <!-- andreeaG.Teorie.DemoQaInputs -->
