<?xml version="1.0" encoding="UTF-8"?>
<!-- Generated by org.testng.reporters.JUnitReportReporter -->
<testsuite hostname="LAPTOP-F93705P1" failures="0" tests="1" name="andreeaG.teorie.seleniumBasics3.EmagTests" time="11.516" errors="0" timestamp="2023-01-25T14:50:49 EET" skipped="0">
  <testcase classname="andreeaG.teorie.seleniumBasics3.EmagTests" name="openLoginTest" time="11.516"/>
  <system-out/>
</testsuite> <!-- andreeaG.teorie.seleniumBasics3.EmagTests -->
