<?xml version="1.0" encoding="UTF-8"?>
<!-- Generated by org.testng.reporters.JUnitReportReporter -->
<testsuite hostname="LAPTOP-F93705P1" failures="0" tests="3" name="andreeaG.tests.tema7.ReturnToHomeButton" time="9.484" errors="0" timestamp="2023-01-23T15:59:37 EET" skipped="0">
  <testcase classname="andreeaG.tests.tema7.ReturnToHomeButton" name="homeButtonFromMakeAppointmentPage" time="3.080"/>
  <system-out/>
  <testcase classname="andreeaG.tests.tema7.ReturnToHomeButton" name="homeButtonWhenLoggedInHistory" time="3.204"/>
  <system-out/>
  <testcase classname="andreeaG.tests.tema7.ReturnToHomeButton" name="homeButtonWhenLoggedInProfile" time="3.200"/>
  <system-out/>
</testsuite> <!-- andreeaG.tests.tema7.ReturnToHomeButton -->
