<?xml version="1.0" encoding="UTF-8"?>
<!-- Generated by org.testng.reporters.JUnitReportReporter -->
<testsuite hostname="LAPTOP-F93705P1" failures="0" tests="8" name="andreeaG.tests.tema7.CuraHealthCareLogin" time="28.972" errors="0" timestamp="2023-01-22T15:16:36 EET" skipped="0">
  <testcase classname="andreeaG.tests.tema7.CuraHealthCareLogin" name="makeAppointmentPage" time="5.532"/>
  <system-out/>
  <testcase classname="andreeaG.tests.tema7.CuraHealthCareLogin" name="verifyRedirectToLoginWhenUserNotLoggedIn" time="2.919"/>
  <system-out/>
  <testcase classname="andreeaG.tests.tema7.CuraHealthCareLogin" name="HomeButtonwhenLoggedInHistory" time="3.178"/>
  <system-out/>
  <testcase classname="andreeaG.tests.tema7.CuraHealthCareLogin" name="loginWithCredentials" time="3.492"/>
  <system-out/>
  <testcase classname="andreeaG.tests.tema7.CuraHealthCareLogin" name="loginWithCredentials" time="3.486"/>
  <system-out/>
  <testcase classname="andreeaG.tests.tema7.CuraHealthCareLogin" name="makeAppointmentPage" time="4.147"/>
  <system-out/>
  <testcase classname="andreeaG.tests.tema7.CuraHealthCareLogin" name="HomeButtonFromMakeAppointmentPage" time="3.070"/>
  <system-out/>
  <testcase classname="andreeaG.tests.tema7.CuraHealthCareLogin" name="HomeButtonwhenLoggedInProfile" time="3.148"/>
  <system-out/>
</testsuite> <!-- andreeaG.tests.tema7.CuraHealthCareLogin -->
