<?xml version="1.0" encoding="UTF-8"?>
<!-- Generated by org.testng.reporters.JUnitReportReporter -->
<testsuite hostname="LAPTOP-F93705P1" failures="0" tests="1" name="andreeaG.Teorie.TestNGAnnotations" time="0.003" errors="0" timestamp="2023-01-20T18:37:41 EET" skipped="0">
  <testcase classname="andreeaG.Teorie.TestNGAnnotations" name="test" time="0.003"/>
  <system-out/>
</testsuite> <!-- andreeaG.Teorie.TestNGAnnotations -->
